<?xml version="1.0" encoding="UTF-8"?>
<testng-results ignored="0" total="1" passed="1" failed="0" skipped="0">
  <reporter-output>
  </reporter-output>
  <suite started-at="2023-02-21T20:24:55 SGT" name="Suite" finished-at="2023-02-21T20:25:07 SGT" duration-ms="11317">
    <groups>
    </groups>
    <test started-at="2023-02-21T20:24:55 SGT" name="Test" finished-at="2023-02-21T20:25:07 SGT" duration-ms="11317">
      <class name="TestNG.Wikipedia_TestClass">
        <test-method is-config="true" signature="OpenBrowser()[pri:0, instance:TestNG.Wikipedia_TestClass@33990a0c]" started-at="2023-02-21T20:24:56 SGT" name="OpenBrowser" finished-at="2023-02-21T20:25:04 SGT" duration-ms="8642" status="PASS">
          <reporter-output>
          </reporter-output>
        </test-method> <!-- OpenBrowser -->
        <test-method signature="VerifTextOnHomePage()[pri:0, instance:TestNG.Wikipedia_TestClass@33990a0c]" started-at="2023-02-21T20:25:04 SGT" name="VerifTextOnHomePage" finished-at="2023-02-21T20:25:05 SGT" duration-ms="411" status="PASS">
          <reporter-output>
          </reporter-output>
        </test-method> <!-- VerifTextOnHomePage -->
        <test-method is-config="true" signature="CloseBrowser()[pri:0, instance:TestNG.Wikipedia_TestClass@33990a0c]" started-at="2023-02-21T20:25:05 SGT" name="CloseBrowser" finished-at="2023-02-21T20:25:07 SGT" duration-ms="2210" status="PASS">
          <reporter-output>
          </reporter-output>
        </test-method> <!-- CloseBrowser -->
      </class> <!-- TestNG.Wikipedia_TestClass -->
    </test> <!-- Test -->
  </suite> <!-- Suite -->
</testng-results>
